<?xml version="1.0" encoding="UTF-8"?>
<!-- Generated by org.testng.reporters.JUnitXMLReporter -->
<testsuite ignored="0" hostname="4d04eefdce82" failures="0" tests="3" name="Iphone" time="0.596" errors="0" timestamp="2025-07-10T10:50:46 GMT">
  <testcase classname="com.yogesh.nipte.tests.amazon.BaseTest" name="@BeforeTest setDriver" time="0.549">
    <failure type="org.openqa.selenium.SessionNotCreatedException" message="Could not start a new session. Possible causes are invalid address of the remote server or browser start-up failure. 
Host info: host: &amp;apos;4d04eefdce82&amp;apos;, ip: &amp;apos;172.17.0.3&amp;apos;">
      <![CDATA[org.openqa.selenium.SessionNotCreatedException: Could not start a new session. Possible causes are invalid address of the remote server or browser start-up failure. 
Host info: host: '4d04eefdce82', ip: '172.17.0.3'
at org.openqa.selenium.remote.RemoteWebDriver.execute(RemoteWebDriver.java:562)
at org.openqa.selenium.remote.RemoteWebDriver.startSession(RemoteWebDriver.java:244)
at org.openqa.selenium.remote.RemoteWebDriver.<init>(RemoteWebDriver.java:173)
at org.openqa.selenium.chromium.ChromiumDriver.<init>(ChromiumDriver.java:110)
at org.openqa.selenium.chrome.ChromeDriver.<init>(ChromeDriver.java:88)
at org.openqa.selenium.chrome.ChromeDriver.<init>(ChromeDriver.java:83)
at org.openqa.selenium.chrome.ChromeDriver.<init>(ChromeDriver.java:51)
at com.yogesh.nipte.tests.amazon.BaseTest.getLocalDriver(BaseTest.java:80)
at com.yogesh.nipte.tests.amazon.BaseTest.setDriver(BaseTest.java:50)
at java.base/java.util.concurrent.FutureTask.run(FutureTask.java:317)
at java.base/java.util.concurrent.ThreadPoolExecutor.runWorker(ThreadPoolExecutor.java:1144)
at java.base/java.util.concurrent.ThreadPoolExecutor$Worker.run(ThreadPoolExecutor.java:642)
at java.base/java.lang.Thread.run(Thread.java:1583)
Caused by: org.openqa.selenium.WebDriverException: Driver server process died prematurely, exit value: 127
Build info: version: '4.33.0', revision: '2c6aaad03a'
System info: os.name: 'Linux', os.arch: 'amd64', os.version: '6.11.0-28-generic', java.version: '21.0.7'
Driver info: driver.version: ChromeDriver
at org.openqa.selenium.remote.service.DriverService.start(DriverService.java:248)
at org.openqa.selenium.remote.service.DriverCommandExecutor.execute(DriverCommandExecutor.java:117)
at org.openqa.selenium.remote.RemoteWebDriver.execute(RemoteWebDriver.java:544)
... 24 more
... Removed 12 stack frames]]>
    </failure>
  </testcase> <!-- @BeforeTest setDriver -->
  <testcase classname="com.yogesh.nipte.tests.amazon.products.SearchProductTest" name="@BeforeTest setPageObjects" time="0.0">
    <skipped/>
  </testcase> <!-- @BeforeTest setPageObjects -->
  <testcase classname="com.yogesh.nipte.tests.amazon.BaseTest" name="@AfterMethod sleep" time="0.0">
    <skipped/>
  </testcase> <!-- @AfterMethod sleep -->
  <testcase classname="com.yogesh.nipte.tests.amazon.BaseTest" name="@AfterTest killDriver" time="0.0">
    <skipped/>
  </testcase> <!-- @AfterTest killDriver -->
  <testcase classname="com.yogesh.nipte.tests.amazon.products.SearchProductTest" name="HomePageTest" time="0.001">
    <skipped/>
  </testcase> <!-- HomePageTest -->
  <testcase classname="com.yogesh.nipte.tests.amazon.products.SearchProductTest" name="SearchProductTest" time="0.0">
    <skipped/>
  </testcase> <!-- SearchProductTest -->
  <testcase classname="com.yogesh.nipte.tests.amazon.products.SearchProductTest" name="ProductSerachLandingPageTest" time="0.0">
    <skipped/>
  </testcase> <!-- ProductSerachLandingPageTest -->
</testsuite> <!-- Iphone -->
