<!DOCTYPE html PUBLIC "-//W3C//DTD XHTML 1.1//EN" "https://www.w3.org/TR/xhtml11/DTD/xhtml11.dtd">
<html xmlns="https://www.w3.org/1999/xhtml">
<head>
<meta http-equiv="content-type" content="text/html; charset=UTF-8"/>
<title>TestNG Report</title>
<style type="text/css">table {margin-bottom:10px;border-collapse:collapse;empty-cells:show}th,td {border:1px solid #009;padding:.25em .5em}th {vertical-align:bottom}td {vertical-align:top}table a {font-weight:bold}.stripe td {background-color: #E6EBF9}.num {text-align:right}.passedodd td {background-color: #3F3}.passedeven td {background-color: #0A0}.skippedodd td {background-color: #DDD}.skippedeven td {background-color: #CCC}.failedodd td,.attn {background-color: #F33}.failedeven td,.stripe .attn {background-color: #D00}.stacktrace {white-space:pre;font-family:monospace}.totop {font-size:85%;text-align:center;border-bottom:2px solid #000}.invisible {display:none}</style>
</head>
<body>
<table>
<tr><th>Test</th><th># Passed</th><th># Skipped</th><th># Retried</th><th># Failed</th><th>Time (ms)</th><th>Included Groups</th><th>Excluded Groups</th></tr>
<tr><th colspan="8">Amazon</th></tr>
<tr><td><a href="#t0">Iphone</a></td><td class="num">0</td><td class="num attn">3</td><td class="num">0</td><td class="num">0</td><td class="num">596</td><td></td><td></td></tr>
<tr class="stripe"><td><a href="#t1">Realme</a></td><td class="num">0</td><td class="num attn">3</td><td class="num">0</td><td class="num">0</td><td class="num">596</td><td></td><td></td></tr>
<tr><td><a href="#t2">Samsung</a></td><td class="num">0</td><td class="num attn">3</td><td class="num">0</td><td class="num">0</td><td class="num">596</td><td></td><td></td></tr>
<tr><th>Total</th><th class="num">0</th><th class="num attn">9</th><th class="num">0</th><th class="num">0</th><th class="num">1,788</th><th colspan="2"></th></tr>
</table>
<table id='summary'><thead><tr><th>Class</th><th>Method</th><th>Start</th><th>Time (ms)</th></tr></thead><tbody><tr><th colspan="4">Amazon</th></tr></tbody><tbody id="t0"><tr><th colspan="4">Iphone &#8212; failed (configuration methods)</th></tr><tr class="failedeven"><td rowspan="1">com.yogesh.nipte.tests.amazon.products.SearchProductTest</td><td><a href="#m0">setDriver</a></td><td rowspan="1">1752144645988</td><td rowspan="1">550</td></tr><tr><th colspan="4">Iphone &#8212; skipped (configuration methods)</th></tr><tr class="skippedeven"><td rowspan="3">com.yogesh.nipte.tests.amazon.products.SearchProductTest</td><td><a href="#m1">killDriver</a></td><td rowspan="1">1752144646575</td><td rowspan="1">0</td></tr><tr class="skippedeven"><td><a href="#m2">setPageObjects</a></td><td rowspan="1">1752144646539</td><td rowspan="1">0</td></tr><tr class="skippedeven"><td><a href="#m3">sleep</a></td><td rowspan="1">1752144646568</td><td rowspan="1">0</td></tr><tr><th colspan="4">Iphone &#8212; skipped</th></tr><tr class="skippedeven"><td rowspan="3">com.yogesh.nipte.tests.amazon.products.SearchProductTest</td><td><a href="#m4">HomePageTest</a></td><td rowspan="1">1752144646565</td><td rowspan="1">1</td></tr><tr class="skippedeven"><td><a href="#m5">ProductSerachLandingPageTest</a></td><td rowspan="1">1752144646573</td><td rowspan="1">0</td></tr><tr class="skippedeven"><td><a href="#m6">SearchProductTest</a></td><td rowspan="1">1752144646572</td><td rowspan="1">0</td></tr></tbody>
<tbody id="t1"><tr><th colspan="4">Realme &#8212; failed (configuration methods)</th></tr><tr class="failedeven"><td rowspan="1">com.yogesh.nipte.tests.amazon.products.SearchProductTest</td><td><a href="#m7">setDriver</a></td><td rowspan="1">1752144645988</td><td rowspan="1">549</td></tr><tr><th colspan="4">Realme &#8212; skipped (configuration methods)</th></tr><tr class="skippedeven"><td rowspan="3">com.yogesh.nipte.tests.amazon.products.SearchProductTest</td><td><a href="#m8">killDriver</a></td><td rowspan="1">1752144646575</td><td rowspan="1">0</td></tr><tr class="skippedeven"><td><a href="#m9">setPageObjects</a></td><td rowspan="1">1752144646538</td><td rowspan="1">0</td></tr><tr class="skippedeven"><td><a href="#m10">sleep</a></td><td rowspan="1">1752144646568</td><td rowspan="1">0</td></tr><tr><th colspan="4">Realme &#8212; skipped</th></tr><tr class="skippedeven"><td rowspan="3">com.yogesh.nipte.tests.amazon.products.SearchProductTest</td><td><a href="#m11">HomePageTest</a></td><td rowspan="1">1752144646567</td><td rowspan="1">0</td></tr><tr class="skippedeven"><td><a href="#m12">ProductSerachLandingPageTest</a></td><td rowspan="1">1752144646573</td><td rowspan="1">1</td></tr><tr class="skippedeven"><td><a href="#m13">SearchProductTest</a></td><td rowspan="1">1752144646572</td><td rowspan="1">0</td></tr></tbody>
<tbody id="t2"><tr><th colspan="4">Samsung &#8212; failed (configuration methods)</th></tr><tr class="failedeven"><td rowspan="1">com.yogesh.nipte.tests.amazon.products.SearchProductTest</td><td><a href="#m14">setDriver</a></td><td rowspan="1">1752144645988</td><td rowspan="1">549</td></tr><tr><th colspan="4">Samsung &#8212; skipped (configuration methods)</th></tr><tr class="skippedeven"><td rowspan="3">com.yogesh.nipte.tests.amazon.products.SearchProductTest</td><td><a href="#m15">killDriver</a></td><td rowspan="1">1752144646575</td><td rowspan="1">0</td></tr><tr class="skippedeven"><td><a href="#m16">setPageObjects</a></td><td rowspan="1">1752144646538</td><td rowspan="1">0</td></tr><tr class="skippedeven"><td><a href="#m17">sleep</a></td><td rowspan="1">1752144646568</td><td rowspan="1">0</td></tr><tr><th colspan="4">Samsung &#8212; skipped</th></tr><tr class="skippedeven"><td rowspan="3">com.yogesh.nipte.tests.amazon.products.SearchProductTest</td><td><a href="#m18">HomePageTest</a></td><td rowspan="1">1752144646565</td><td rowspan="1">0</td></tr><tr class="skippedeven"><td><a href="#m19">ProductSerachLandingPageTest</a></td><td rowspan="1">1752144646574</td><td rowspan="1">0</td></tr><tr class="skippedeven"><td><a href="#m20">SearchProductTest</a></td><td rowspan="1">1752144646572</td><td rowspan="1">0</td></tr></tbody>
</table>
<h2>Iphone</h2><h3 id="m0">com.yogesh.nipte.tests.amazon.products.SearchProductTest#setDriver</h3><table class="result"><tr class="param"><th>Parameter #1</th></tr><tr class="param stripe"><td>org.testng.TestRunner@4fab368e</td></tr><tr><th>Exception</th></tr><tr><td><div class="stacktrace">org.openqa.selenium.SessionNotCreatedException: Could not start a new session. Possible causes are invalid address of the remote server or browser start-up failure. 
Host info: host: &apos;4d04eefdce82&apos;, ip: &apos;172.17.0.3&apos;
	at org.openqa.selenium.remote.RemoteWebDriver.execute(RemoteWebDriver.java:562)
	at org.openqa.selenium.remote.RemoteWebDriver.startSession(RemoteWebDriver.java:244)
	at org.openqa.selenium.remote.RemoteWebDriver.&lt;init&gt;(RemoteWebDriver.java:173)
	at org.openqa.selenium.chromium.ChromiumDriver.&lt;init&gt;(ChromiumDriver.java:110)
	at org.openqa.selenium.chrome.ChromeDriver.&lt;init&gt;(ChromeDriver.java:88)
	at org.openqa.selenium.chrome.ChromeDriver.&lt;init&gt;(ChromeDriver.java:83)
	at org.openqa.selenium.chrome.ChromeDriver.&lt;init&gt;(ChromeDriver.java:51)
	at com.yogesh.nipte.tests.amazon.BaseTest.getLocalDriver(BaseTest.java:80)
	at com.yogesh.nipte.tests.amazon.BaseTest.setDriver(BaseTest.java:50)
	at java.base/java.util.concurrent.FutureTask.run(FutureTask.java:317)
	at java.base/java.util.concurrent.ThreadPoolExecutor.runWorker(ThreadPoolExecutor.java:1144)
	at java.base/java.util.concurrent.ThreadPoolExecutor$Worker.run(ThreadPoolExecutor.java:642)
	at java.base/java.lang.Thread.run(Thread.java:1583)
Caused by: org.openqa.selenium.WebDriverException: Driver server process died prematurely, exit value: 127
Build info: version: &apos;4.33.0&apos;, revision: &apos;2c6aaad03a&apos;
System info: os.name: &apos;Linux&apos;, os.arch: &apos;amd64&apos;, os.version: &apos;6.11.0-28-generic&apos;, java.version: &apos;21.0.7&apos;
Driver info: driver.version: ChromeDriver
	at org.openqa.selenium.remote.service.DriverService.start(DriverService.java:248)
	at org.openqa.selenium.remote.service.DriverCommandExecutor.execute(DriverCommandExecutor.java:117)
	at org.openqa.selenium.remote.RemoteWebDriver.execute(RemoteWebDriver.java:544)
	... 24 more
... Removed 12 stack frames</div></td></tr></table><p class="totop"><a href="#summary">back to summary</a></p>
<h3 id="m1">com.yogesh.nipte.tests.amazon.products.SearchProductTest#killDriver</h3><table class="result"><tr><th class="invisible"/></tr></table><p class="totop"><a href="#summary">back to summary</a></p>
<h3 id="m2">com.yogesh.nipte.tests.amazon.products.SearchProductTest#setPageObjects</h3><table class="result"><tr><th class="invisible"/></tr></table><p class="totop"><a href="#summary">back to summary</a></p>
<h3 id="m3">com.yogesh.nipte.tests.amazon.products.SearchProductTest#sleep</h3><table class="result"><tr><th class="invisible"/></tr></table><p class="totop"><a href="#summary">back to summary</a></p>
<h3 id="m4">com.yogesh.nipte.tests.amazon.products.SearchProductTest#HomePageTest</h3><table class="result"><tr><th>Exception</th></tr><tr><td><div class="stacktrace">org.openqa.selenium.SessionNotCreatedException: Could not start a new session. Possible causes are invalid address of the remote server or browser start-up failure. 
Host info: host: &apos;4d04eefdce82&apos;, ip: &apos;172.17.0.3&apos;
	at org.openqa.selenium.remote.RemoteWebDriver.execute(RemoteWebDriver.java:562)
	at org.openqa.selenium.remote.RemoteWebDriver.startSession(RemoteWebDriver.java:244)
	at org.openqa.selenium.remote.RemoteWebDriver.&lt;init&gt;(RemoteWebDriver.java:173)
	at org.openqa.selenium.chromium.ChromiumDriver.&lt;init&gt;(ChromiumDriver.java:110)
	at org.openqa.selenium.chrome.ChromeDriver.&lt;init&gt;(ChromeDriver.java:88)
	at org.openqa.selenium.chrome.ChromeDriver.&lt;init&gt;(ChromeDriver.java:83)
	at org.openqa.selenium.chrome.ChromeDriver.&lt;init&gt;(ChromeDriver.java:51)
	at com.yogesh.nipte.tests.amazon.BaseTest.getLocalDriver(BaseTest.java:80)
	at com.yogesh.nipte.tests.amazon.BaseTest.setDriver(BaseTest.java:50)
	at java.base/java.util.concurrent.FutureTask.run(FutureTask.java:317)
	at java.base/java.util.concurrent.ThreadPoolExecutor.runWorker(ThreadPoolExecutor.java:1144)
	at java.base/java.util.concurrent.ThreadPoolExecutor$Worker.run(ThreadPoolExecutor.java:642)
	at java.base/java.lang.Thread.run(Thread.java:1583)
Caused by: org.openqa.selenium.WebDriverException: Driver server process died prematurely, exit value: 127
Build info: version: &apos;4.33.0&apos;, revision: &apos;2c6aaad03a&apos;
System info: os.name: &apos;Linux&apos;, os.arch: &apos;amd64&apos;, os.version: &apos;6.11.0-28-generic&apos;, java.version: &apos;21.0.7&apos;
Driver info: driver.version: ChromeDriver
	at org.openqa.selenium.remote.service.DriverService.start(DriverService.java:248)
	at org.openqa.selenium.remote.service.DriverCommandExecutor.execute(DriverCommandExecutor.java:117)
	at org.openqa.selenium.remote.RemoteWebDriver.execute(RemoteWebDriver.java:544)
	... 24 more
... Removed 12 stack frames</div></td></tr></table><p class="totop"><a href="#summary">back to summary</a></p>
<h3 id="m5">com.yogesh.nipte.tests.amazon.products.SearchProductTest#ProductSerachLandingPageTest</h3><table class="result"><tr><th>Exception</th></tr><tr><td><div class="stacktrace">java.lang.Throwable: Method com.yogesh.nipte.tests.amazon.products.SearchProductTest.ProductSerachLandingPageTest() on instance com.yogesh.nipte.tests.amazon.products.SearchProductTest@5b1669c0 depends on not successfully finished methods 
[com.yogesh.nipte.tests.amazon.products.SearchProductTest.SearchProductTest() on instance com.yogesh.nipte.tests.amazon.products.SearchProductTest@5b1669c0]
	at java.base/java.util.ArrayList.forEach(ArrayList.java:1596)
	at java.base/java.util.concurrent.FutureTask.run(FutureTask.java:317)
	at java.base/java.util.concurrent.ThreadPoolExecutor.runWorker(ThreadPoolExecutor.java:1144)
	at java.base/java.util.concurrent.ThreadPoolExecutor$Worker.run(ThreadPoolExecutor.java:642)
	at java.base/java.lang.Thread.run(Thread.java:1583)
... Removed 8 stack frames</div></td></tr></table><p class="totop"><a href="#summary">back to summary</a></p>
<h3 id="m6">com.yogesh.nipte.tests.amazon.products.SearchProductTest#SearchProductTest</h3><table class="result"><tr><th>Exception</th></tr><tr><td><div class="stacktrace">java.lang.Throwable: Method com.yogesh.nipte.tests.amazon.products.SearchProductTest.SearchProductTest() on instance com.yogesh.nipte.tests.amazon.products.SearchProductTest@5b1669c0 depends on not successfully finished methods 
[com.yogesh.nipte.tests.amazon.products.SearchProductTest.HomePageTest() on instance com.yogesh.nipte.tests.amazon.products.SearchProductTest@5b1669c0]
	at java.base/java.util.ArrayList.forEach(ArrayList.java:1596)
	at java.base/java.util.concurrent.FutureTask.run(FutureTask.java:317)
	at java.base/java.util.concurrent.ThreadPoolExecutor.runWorker(ThreadPoolExecutor.java:1144)
	at java.base/java.util.concurrent.ThreadPoolExecutor$Worker.run(ThreadPoolExecutor.java:642)
	at java.base/java.lang.Thread.run(Thread.java:1583)
... Removed 8 stack frames</div></td></tr></table><p class="totop"><a href="#summary">back to summary</a></p>
<h2>Realme</h2><h3 id="m7">com.yogesh.nipte.tests.amazon.products.SearchProductTest#setDriver</h3><table class="result"><tr class="param"><th>Parameter #1</th></tr><tr class="param stripe"><td>org.testng.TestRunner@56531e36</td></tr><tr><th>Exception</th></tr><tr><td><div class="stacktrace">org.openqa.selenium.SessionNotCreatedException: Could not start a new session. Possible causes are invalid address of the remote server or browser start-up failure. 
Host info: host: &apos;4d04eefdce82&apos;, ip: &apos;172.17.0.3&apos;
	at org.openqa.selenium.remote.RemoteWebDriver.execute(RemoteWebDriver.java:562)
	at org.openqa.selenium.remote.RemoteWebDriver.startSession(RemoteWebDriver.java:244)
	at org.openqa.selenium.remote.RemoteWebDriver.&lt;init&gt;(RemoteWebDriver.java:173)
	at org.openqa.selenium.chromium.ChromiumDriver.&lt;init&gt;(ChromiumDriver.java:110)
	at org.openqa.selenium.chrome.ChromeDriver.&lt;init&gt;(ChromeDriver.java:88)
	at org.openqa.selenium.chrome.ChromeDriver.&lt;init&gt;(ChromeDriver.java:83)
	at org.openqa.selenium.chrome.ChromeDriver.&lt;init&gt;(ChromeDriver.java:51)
	at com.yogesh.nipte.tests.amazon.BaseTest.getLocalDriver(BaseTest.java:80)
	at com.yogesh.nipte.tests.amazon.BaseTest.setDriver(BaseTest.java:50)
	at java.base/java.util.concurrent.FutureTask.run(FutureTask.java:317)
	at java.base/java.util.concurrent.ThreadPoolExecutor.runWorker(ThreadPoolExecutor.java:1144)
	at java.base/java.util.concurrent.ThreadPoolExecutor$Worker.run(ThreadPoolExecutor.java:642)
	at java.base/java.lang.Thread.run(Thread.java:1583)
Caused by: org.openqa.selenium.WebDriverException: Driver server process died prematurely, exit value: 127
Build info: version: &apos;4.33.0&apos;, revision: &apos;2c6aaad03a&apos;
System info: os.name: &apos;Linux&apos;, os.arch: &apos;amd64&apos;, os.version: &apos;6.11.0-28-generic&apos;, java.version: &apos;21.0.7&apos;
Driver info: driver.version: ChromeDriver
	at org.openqa.selenium.remote.service.DriverService.start(DriverService.java:248)
	at org.openqa.selenium.remote.service.DriverCommandExecutor.execute(DriverCommandExecutor.java:117)
	at org.openqa.selenium.remote.RemoteWebDriver.execute(RemoteWebDriver.java:544)
	... 24 more
... Removed 12 stack frames</div></td></tr></table><p class="totop"><a href="#summary">back to summary</a></p>
<h3 id="m8">com.yogesh.nipte.tests.amazon.products.SearchProductTest#killDriver</h3><table class="result"><tr><th class="invisible"/></tr></table><p class="totop"><a href="#summary">back to summary</a></p>
<h3 id="m9">com.yogesh.nipte.tests.amazon.products.SearchProductTest#setPageObjects</h3><table class="result"><tr><th class="invisible"/></tr></table><p class="totop"><a href="#summary">back to summary</a></p>
<h3 id="m10">com.yogesh.nipte.tests.amazon.products.SearchProductTest#sleep</h3><table class="result"><tr><th class="invisible"/></tr></table><p class="totop"><a href="#summary">back to summary</a></p>
<h3 id="m11">com.yogesh.nipte.tests.amazon.products.SearchProductTest#HomePageTest</h3><table class="result"><tr><th>Exception</th></tr><tr><td><div class="stacktrace">org.openqa.selenium.SessionNotCreatedException: Could not start a new session. Possible causes are invalid address of the remote server or browser start-up failure. 
Host info: host: &apos;4d04eefdce82&apos;, ip: &apos;172.17.0.3&apos;
	at org.openqa.selenium.remote.RemoteWebDriver.execute(RemoteWebDriver.java:562)
	at org.openqa.selenium.remote.RemoteWebDriver.startSession(RemoteWebDriver.java:244)
	at org.openqa.selenium.remote.RemoteWebDriver.&lt;init&gt;(RemoteWebDriver.java:173)
	at org.openqa.selenium.chromium.ChromiumDriver.&lt;init&gt;(ChromiumDriver.java:110)
	at org.openqa.selenium.chrome.ChromeDriver.&lt;init&gt;(ChromeDriver.java:88)
	at org.openqa.selenium.chrome.ChromeDriver.&lt;init&gt;(ChromeDriver.java:83)
	at org.openqa.selenium.chrome.ChromeDriver.&lt;init&gt;(ChromeDriver.java:51)
	at com.yogesh.nipte.tests.amazon.BaseTest.getLocalDriver(BaseTest.java:80)
	at com.yogesh.nipte.tests.amazon.BaseTest.setDriver(BaseTest.java:50)
	at java.base/java.util.concurrent.FutureTask.run(FutureTask.java:317)
	at java.base/java.util.concurrent.ThreadPoolExecutor.runWorker(ThreadPoolExecutor.java:1144)
	at java.base/java.util.concurrent.ThreadPoolExecutor$Worker.run(ThreadPoolExecutor.java:642)
	at java.base/java.lang.Thread.run(Thread.java:1583)
Caused by: org.openqa.selenium.WebDriverException: Driver server process died prematurely, exit value: 127
Build info: version: &apos;4.33.0&apos;, revision: &apos;2c6aaad03a&apos;
System info: os.name: &apos;Linux&apos;, os.arch: &apos;amd64&apos;, os.version: &apos;6.11.0-28-generic&apos;, java.version: &apos;21.0.7&apos;
Driver info: driver.version: ChromeDriver
	at org.openqa.selenium.remote.service.DriverService.start(DriverService.java:248)
	at org.openqa.selenium.remote.service.DriverCommandExecutor.execute(DriverCommandExecutor.java:117)
	at org.openqa.selenium.remote.RemoteWebDriver.execute(RemoteWebDriver.java:544)
	... 24 more
... Removed 12 stack frames</div></td></tr></table><p class="totop"><a href="#summary">back to summary</a></p>
<h3 id="m12">com.yogesh.nipte.tests.amazon.products.SearchProductTest#ProductSerachLandingPageTest</h3><table class="result"><tr><th>Exception</th></tr><tr><td><div class="stacktrace">java.lang.Throwable: Method com.yogesh.nipte.tests.amazon.products.SearchProductTest.ProductSerachLandingPageTest() on instance com.yogesh.nipte.tests.amazon.products.SearchProductTest@6e9175d8 depends on not successfully finished methods 
[com.yogesh.nipte.tests.amazon.products.SearchProductTest.SearchProductTest() on instance com.yogesh.nipte.tests.amazon.products.SearchProductTest@6e9175d8]
	at java.base/java.util.ArrayList.forEach(ArrayList.java:1596)
	at java.base/java.util.concurrent.FutureTask.run(FutureTask.java:317)
	at java.base/java.util.concurrent.ThreadPoolExecutor.runWorker(ThreadPoolExecutor.java:1144)
	at java.base/java.util.concurrent.ThreadPoolExecutor$Worker.run(ThreadPoolExecutor.java:642)
	at java.base/java.lang.Thread.run(Thread.java:1583)
... Removed 8 stack frames</div></td></tr></table><p class="totop"><a href="#summary">back to summary</a></p>
<h3 id="m13">com.yogesh.nipte.tests.amazon.products.SearchProductTest#SearchProductTest</h3><table class="result"><tr><th>Exception</th></tr><tr><td><div class="stacktrace">java.lang.Throwable: Method com.yogesh.nipte.tests.amazon.products.SearchProductTest.SearchProductTest() on instance com.yogesh.nipte.tests.amazon.products.SearchProductTest@6e9175d8 depends on not successfully finished methods 
[com.yogesh.nipte.tests.amazon.products.SearchProductTest.HomePageTest() on instance com.yogesh.nipte.tests.amazon.products.SearchProductTest@6e9175d8]
	at java.base/java.util.ArrayList.forEach(ArrayList.java:1596)
	at java.base/java.util.concurrent.FutureTask.run(FutureTask.java:317)
	at java.base/java.util.concurrent.ThreadPoolExecutor.runWorker(ThreadPoolExecutor.java:1144)
	at java.base/java.util.concurrent.ThreadPoolExecutor$Worker.run(ThreadPoolExecutor.java:642)
	at java.base/java.lang.Thread.run(Thread.java:1583)
... Removed 8 stack frames</div></td></tr></table><p class="totop"><a href="#summary">back to summary</a></p>
<h2>Samsung</h2><h3 id="m14">com.yogesh.nipte.tests.amazon.products.SearchProductTest#setDriver</h3><table class="result"><tr class="param"><th>Parameter #1</th></tr><tr class="param stripe"><td>org.testng.TestRunner@3bc8f1bf</td></tr><tr><th>Exception</th></tr><tr><td><div class="stacktrace">org.openqa.selenium.SessionNotCreatedException: Could not start a new session. Possible causes are invalid address of the remote server or browser start-up failure. 
Host info: host: &apos;4d04eefdce82&apos;, ip: &apos;172.17.0.3&apos;
	at org.openqa.selenium.remote.RemoteWebDriver.execute(RemoteWebDriver.java:562)
	at org.openqa.selenium.remote.RemoteWebDriver.startSession(RemoteWebDriver.java:244)
	at org.openqa.selenium.remote.RemoteWebDriver.&lt;init&gt;(RemoteWebDriver.java:173)
	at org.openqa.selenium.chromium.ChromiumDriver.&lt;init&gt;(ChromiumDriver.java:110)
	at org.openqa.selenium.chrome.ChromeDriver.&lt;init&gt;(ChromeDriver.java:88)
	at org.openqa.selenium.chrome.ChromeDriver.&lt;init&gt;(ChromeDriver.java:83)
	at org.openqa.selenium.chrome.ChromeDriver.&lt;init&gt;(ChromeDriver.java:51)
	at com.yogesh.nipte.tests.amazon.BaseTest.getLocalDriver(BaseTest.java:80)
	at com.yogesh.nipte.tests.amazon.BaseTest.setDriver(BaseTest.java:50)
	at java.base/java.util.concurrent.FutureTask.run(FutureTask.java:317)
	at java.base/java.util.concurrent.ThreadPoolExecutor.runWorker(ThreadPoolExecutor.java:1144)
	at java.base/java.util.concurrent.ThreadPoolExecutor$Worker.run(ThreadPoolExecutor.java:642)
	at java.base/java.lang.Thread.run(Thread.java:1583)
Caused by: org.openqa.selenium.WebDriverException: Driver server process died prematurely, exit value: 127
Build info: version: &apos;4.33.0&apos;, revision: &apos;2c6aaad03a&apos;
System info: os.name: &apos;Linux&apos;, os.arch: &apos;amd64&apos;, os.version: &apos;6.11.0-28-generic&apos;, java.version: &apos;21.0.7&apos;
Driver info: driver.version: ChromeDriver
	at org.openqa.selenium.remote.service.DriverService.start(DriverService.java:248)
	at org.openqa.selenium.remote.service.DriverCommandExecutor.execute(DriverCommandExecutor.java:117)
	at org.openqa.selenium.remote.RemoteWebDriver.execute(RemoteWebDriver.java:544)
	... 24 more
... Removed 12 stack frames</div></td></tr></table><p class="totop"><a href="#summary">back to summary</a></p>
<h3 id="m15">com.yogesh.nipte.tests.amazon.products.SearchProductTest#killDriver</h3><table class="result"><tr><th class="invisible"/></tr></table><p class="totop"><a href="#summary">back to summary</a></p>
<h3 id="m16">com.yogesh.nipte.tests.amazon.products.SearchProductTest#setPageObjects</h3><table class="result"><tr><th class="invisible"/></tr></table><p class="totop"><a href="#summary">back to summary</a></p>
<h3 id="m17">com.yogesh.nipte.tests.amazon.products.SearchProductTest#sleep</h3><table class="result"><tr><th class="invisible"/></tr></table><p class="totop"><a href="#summary">back to summary</a></p>
<h3 id="m18">com.yogesh.nipte.tests.amazon.products.SearchProductTest#HomePageTest</h3><table class="result"><tr><th>Exception</th></tr><tr><td><div class="stacktrace">org.openqa.selenium.SessionNotCreatedException: Could not start a new session. Possible causes are invalid address of the remote server or browser start-up failure. 
Host info: host: &apos;4d04eefdce82&apos;, ip: &apos;172.17.0.3&apos;
	at org.openqa.selenium.remote.RemoteWebDriver.execute(RemoteWebDriver.java:562)
	at org.openqa.selenium.remote.RemoteWebDriver.startSession(RemoteWebDriver.java:244)
	at org.openqa.selenium.remote.RemoteWebDriver.&lt;init&gt;(RemoteWebDriver.java:173)
	at org.openqa.selenium.chromium.ChromiumDriver.&lt;init&gt;(ChromiumDriver.java:110)
	at org.openqa.selenium.chrome.ChromeDriver.&lt;init&gt;(ChromeDriver.java:88)
	at org.openqa.selenium.chrome.ChromeDriver.&lt;init&gt;(ChromeDriver.java:83)
	at org.openqa.selenium.chrome.ChromeDriver.&lt;init&gt;(ChromeDriver.java:51)
	at com.yogesh.nipte.tests.amazon.BaseTest.getLocalDriver(BaseTest.java:80)
	at com.yogesh.nipte.tests.amazon.BaseTest.setDriver(BaseTest.java:50)
	at java.base/java.util.concurrent.FutureTask.run(FutureTask.java:317)
	at java.base/java.util.concurrent.ThreadPoolExecutor.runWorker(ThreadPoolExecutor.java:1144)
	at java.base/java.util.concurrent.ThreadPoolExecutor$Worker.run(ThreadPoolExecutor.java:642)
	at java.base/java.lang.Thread.run(Thread.java:1583)
Caused by: org.openqa.selenium.WebDriverException: Driver server process died prematurely, exit value: 127
Build info: version: &apos;4.33.0&apos;, revision: &apos;2c6aaad03a&apos;
System info: os.name: &apos;Linux&apos;, os.arch: &apos;amd64&apos;, os.version: &apos;6.11.0-28-generic&apos;, java.version: &apos;21.0.7&apos;
Driver info: driver.version: ChromeDriver
	at org.openqa.selenium.remote.service.DriverService.start(DriverService.java:248)
	at org.openqa.selenium.remote.service.DriverCommandExecutor.execute(DriverCommandExecutor.java:117)
	at org.openqa.selenium.remote.RemoteWebDriver.execute(RemoteWebDriver.java:544)
	... 24 more
... Removed 12 stack frames</div></td></tr></table><p class="totop"><a href="#summary">back to summary</a></p>
<h3 id="m19">com.yogesh.nipte.tests.amazon.products.SearchProductTest#ProductSerachLandingPageTest</h3><table class="result"><tr><th>Exception</th></tr><tr><td><div class="stacktrace">java.lang.Throwable: Method com.yogesh.nipte.tests.amazon.products.SearchProductTest.ProductSerachLandingPageTest() on instance com.yogesh.nipte.tests.amazon.products.SearchProductTest@3527942a depends on not successfully finished methods 
[com.yogesh.nipte.tests.amazon.products.SearchProductTest.SearchProductTest() on instance com.yogesh.nipte.tests.amazon.products.SearchProductTest@3527942a]
	at java.base/java.util.ArrayList.forEach(ArrayList.java:1596)
	at java.base/java.util.concurrent.FutureTask.run(FutureTask.java:317)
	at java.base/java.util.concurrent.ThreadPoolExecutor.runWorker(ThreadPoolExecutor.java:1144)
	at java.base/java.util.concurrent.ThreadPoolExecutor$Worker.run(ThreadPoolExecutor.java:642)
	at java.base/java.lang.Thread.run(Thread.java:1583)
... Removed 8 stack frames</div></td></tr></table><p class="totop"><a href="#summary">back to summary</a></p>
<h3 id="m20">com.yogesh.nipte.tests.amazon.products.SearchProductTest#SearchProductTest</h3><table class="result"><tr><th>Exception</th></tr><tr><td><div class="stacktrace">java.lang.Throwable: Method com.yogesh.nipte.tests.amazon.products.SearchProductTest.SearchProductTest() on instance com.yogesh.nipte.tests.amazon.products.SearchProductTest@3527942a depends on not successfully finished methods 
[com.yogesh.nipte.tests.amazon.products.SearchProductTest.HomePageTest() on instance com.yogesh.nipte.tests.amazon.products.SearchProductTest@3527942a]
	at java.base/java.util.ArrayList.forEach(ArrayList.java:1596)
	at java.base/java.util.concurrent.FutureTask.run(FutureTask.java:317)
	at java.base/java.util.concurrent.ThreadPoolExecutor.runWorker(ThreadPoolExecutor.java:1144)
	at java.base/java.util.concurrent.ThreadPoolExecutor$Worker.run(ThreadPoolExecutor.java:642)
	at java.base/java.lang.Thread.run(Thread.java:1583)
... Removed 8 stack frames</div></td></tr></table><p class="totop"><a href="#summary">back to summary</a></p>
</body>
</html>
