<?xml version="1.0" encoding="UTF-8"?>
<testng-results ignored="0" total="9" passed="0" failed="0" skipped="9">
  <reporter-output>
  </reporter-output>
  <suite started-at="2025-07-10T10:50:45 GMT" name="Amazon" finished-at="2025-07-10T10:50:46 GMT" duration-ms="596">
    <groups>
    </groups>
    <test started-at="2025-07-10T10:50:45 GMT" name="Iphone" finished-at="2025-07-10T10:50:46 GMT" duration-ms="596">
      <class name="com.yogesh.nipte.tests.amazon.products.SearchProductTest">
        <test-method is-config="true" signature="setDriver(org.testng.ITestContext)[pri:0, instance:com.yogesh.nipte.tests.amazon.products.SearchProductTest@5b1669c0]" started-at="2025-07-10T10:50:45 GMT" name="setDriver" finished-at="2025-07-10T10:50:46 GMT" duration-ms="550" status="FAIL">
          <params>
            <param index="0">
              <value>
                <![CDATA[org.testng.TestRunner@4fab368e]]>
              </value>
            </param>
          </params>
          <exception class="org.openqa.selenium.SessionNotCreatedException">
            <message>
              <![CDATA[Could not start a new session. Possible causes are invalid address of the remote server or browser start-up failure. 
Host info: host: '4d04eefdce82', ip: '172.17.0.3']]>
            </message>
            <full-stacktrace>
              <![CDATA[org.openqa.selenium.SessionNotCreatedException: Could not start a new session. Possible causes are invalid address of the remote server or browser start-up failure. 
Host info: host: '4d04eefdce82', ip: '172.17.0.3'
at org.openqa.selenium.remote.RemoteWebDriver.execute(RemoteWebDriver.java:562)
at org.openqa.selenium.remote.RemoteWebDriver.startSession(RemoteWebDriver.java:244)
at org.openqa.selenium.remote.RemoteWebDriver.<init>(RemoteWebDriver.java:173)
at org.openqa.selenium.chromium.ChromiumDriver.<init>(ChromiumDriver.java:110)
at org.openqa.selenium.chrome.ChromeDriver.<init>(ChromeDriver.java:88)
at org.openqa.selenium.chrome.ChromeDriver.<init>(ChromeDriver.java:83)
at org.openqa.selenium.chrome.ChromeDriver.<init>(ChromeDriver.java:51)
at com.yogesh.nipte.tests.amazon.BaseTest.getLocalDriver(BaseTest.java:80)
at com.yogesh.nipte.tests.amazon.BaseTest.setDriver(BaseTest.java:50)
at java.base/jdk.internal.reflect.DirectMethodHandleAccessor.invoke(DirectMethodHandleAccessor.java:103)
at java.base/java.lang.reflect.Method.invoke(Method.java:580)
at org.testng.internal.invokers.MethodInvocationHelper.invokeMethod(MethodInvocationHelper.java:141)
at org.testng.internal.invokers.MethodInvocationHelper.invokeMethodConsideringTimeout(MethodInvocationHelper.java:71)
at org.testng.internal.invokers.ConfigInvoker.invokeConfigurationMethod(ConfigInvoker.java:400)
at org.testng.internal.invokers.ConfigInvoker.invokeConfigurations(ConfigInvoker.java:333)
at org.testng.TestRunner.invokeTestConfigurations(TestRunner.java:657)
at org.testng.TestRunner.beforeRun(TestRunner.java:646)
at org.testng.TestRunner.run(TestRunner.java:612)
at org.testng.SuiteRunner.runTest(SuiteRunner.java:421)
at org.testng.SuiteRunner$SuiteWorker.run(SuiteRunner.java:463)
at org.testng.internal.thread.ThreadUtil.lambda$execute$0(ThreadUtil.java:64)
at java.base/java.util.concurrent.FutureTask.run(FutureTask.java:317)
at java.base/java.util.concurrent.ThreadPoolExecutor.runWorker(ThreadPoolExecutor.java:1144)
at java.base/java.util.concurrent.ThreadPoolExecutor$Worker.run(ThreadPoolExecutor.java:642)
at java.base/java.lang.Thread.run(Thread.java:1583)
Caused by: org.openqa.selenium.WebDriverException: Driver server process died prematurely, exit value: 127
Build info: version: '4.33.0', revision: '2c6aaad03a'
System info: os.name: 'Linux', os.arch: 'amd64', os.version: '6.11.0-28-generic', java.version: '21.0.7'
Driver info: driver.version: ChromeDriver
at org.openqa.selenium.remote.service.DriverService.start(DriverService.java:248)
at org.openqa.selenium.remote.service.DriverCommandExecutor.execute(DriverCommandExecutor.java:117)
at org.openqa.selenium.remote.RemoteWebDriver.execute(RemoteWebDriver.java:544)
... 24 more
]]>
            </full-stacktrace>
          </exception> <!-- org.openqa.selenium.SessionNotCreatedException -->
          <reporter-output>
          </reporter-output>
        </test-method> <!-- setDriver -->
        <test-method is-config="true" signature="setPageObjects(java.lang.String,java.lang.String)[pri:0, instance:com.yogesh.nipte.tests.amazon.products.SearchProductTest@5b1669c0]" started-at="2025-07-10T10:50:46 GMT" name="setPageObjects" finished-at="2025-07-10T10:50:46 GMT" depends-on-methods="com.yogesh.nipte.tests.amazon.BaseTest.setDriver" duration-ms="0" status="SKIP">
          <reporter-output>
          </reporter-output>
        </test-method> <!-- setPageObjects -->
        <test-method signature="HomePageTest()[pri:0, instance:com.yogesh.nipte.tests.amazon.products.SearchProductTest@5b1669c0]" started-at="2025-07-10T10:50:46 GMT" name="HomePageTest" finished-at="2025-07-10T10:50:46 GMT" duration-ms="1" status="SKIP">
          <exception class="org.openqa.selenium.SessionNotCreatedException">
            <message>
              <![CDATA[Could not start a new session. Possible causes are invalid address of the remote server or browser start-up failure. 
Host info: host: '4d04eefdce82', ip: '172.17.0.3']]>
            </message>
            <full-stacktrace>
              <![CDATA[org.openqa.selenium.SessionNotCreatedException: Could not start a new session. Possible causes are invalid address of the remote server or browser start-up failure. 
Host info: host: '4d04eefdce82', ip: '172.17.0.3'
at org.openqa.selenium.remote.RemoteWebDriver.execute(RemoteWebDriver.java:562)
at org.openqa.selenium.remote.RemoteWebDriver.startSession(RemoteWebDriver.java:244)
at org.openqa.selenium.remote.RemoteWebDriver.<init>(RemoteWebDriver.java:173)
at org.openqa.selenium.chromium.ChromiumDriver.<init>(ChromiumDriver.java:110)
at org.openqa.selenium.chrome.ChromeDriver.<init>(ChromeDriver.java:88)
at org.openqa.selenium.chrome.ChromeDriver.<init>(ChromeDriver.java:83)
at org.openqa.selenium.chrome.ChromeDriver.<init>(ChromeDriver.java:51)
at com.yogesh.nipte.tests.amazon.BaseTest.getLocalDriver(BaseTest.java:80)
at com.yogesh.nipte.tests.amazon.BaseTest.setDriver(BaseTest.java:50)
at java.base/jdk.internal.reflect.DirectMethodHandleAccessor.invoke(DirectMethodHandleAccessor.java:103)
at java.base/java.lang.reflect.Method.invoke(Method.java:580)
at org.testng.internal.invokers.MethodInvocationHelper.invokeMethod(MethodInvocationHelper.java:141)
at org.testng.internal.invokers.MethodInvocationHelper.invokeMethodConsideringTimeout(MethodInvocationHelper.java:71)
at org.testng.internal.invokers.ConfigInvoker.invokeConfigurationMethod(ConfigInvoker.java:400)
at org.testng.internal.invokers.ConfigInvoker.invokeConfigurations(ConfigInvoker.java:333)
at org.testng.TestRunner.invokeTestConfigurations(TestRunner.java:657)
at org.testng.TestRunner.beforeRun(TestRunner.java:646)
at org.testng.TestRunner.run(TestRunner.java:612)
at org.testng.SuiteRunner.runTest(SuiteRunner.java:421)
at org.testng.SuiteRunner$SuiteWorker.run(SuiteRunner.java:463)
at org.testng.internal.thread.ThreadUtil.lambda$execute$0(ThreadUtil.java:64)
at java.base/java.util.concurrent.FutureTask.run(FutureTask.java:317)
at java.base/java.util.concurrent.ThreadPoolExecutor.runWorker(ThreadPoolExecutor.java:1144)
at java.base/java.util.concurrent.ThreadPoolExecutor$Worker.run(ThreadPoolExecutor.java:642)
at java.base/java.lang.Thread.run(Thread.java:1583)
Caused by: org.openqa.selenium.WebDriverException: Driver server process died prematurely, exit value: 127
Build info: version: '4.33.0', revision: '2c6aaad03a'
System info: os.name: 'Linux', os.arch: 'amd64', os.version: '6.11.0-28-generic', java.version: '21.0.7'
Driver info: driver.version: ChromeDriver
at org.openqa.selenium.remote.service.DriverService.start(DriverService.java:248)
at org.openqa.selenium.remote.service.DriverCommandExecutor.execute(DriverCommandExecutor.java:117)
at org.openqa.selenium.remote.RemoteWebDriver.execute(RemoteWebDriver.java:544)
... 24 more
]]>
            </full-stacktrace>
          </exception> <!-- org.openqa.selenium.SessionNotCreatedException -->
          <reporter-output>
          </reporter-output>
        </test-method> <!-- HomePageTest -->
        <test-method is-config="true" signature="sleep()[pri:0, instance:com.yogesh.nipte.tests.amazon.products.SearchProductTest@5b1669c0]" started-at="2025-07-10T10:50:46 GMT" name="sleep" finished-at="2025-07-10T10:50:46 GMT" duration-ms="0" status="SKIP">
          <reporter-output>
          </reporter-output>
        </test-method> <!-- sleep -->
        <test-method signature="SearchProductTest()[pri:0, instance:com.yogesh.nipte.tests.amazon.products.SearchProductTest@5b1669c0]" started-at="2025-07-10T10:50:46 GMT" name="SearchProductTest" finished-at="2025-07-10T10:50:46 GMT" depends-on-methods="com.yogesh.nipte.tests.amazon.products.SearchProductTest.HomePageTest" duration-ms="0" status="SKIP">
          <exception class="java.lang.Throwable">
            <message>
              <![CDATA[Method com.yogesh.nipte.tests.amazon.products.SearchProductTest.SearchProductTest() on instance com.yogesh.nipte.tests.amazon.products.SearchProductTest@5b1669c0 depends on not successfully finished methods 
[com.yogesh.nipte.tests.amazon.products.SearchProductTest.HomePageTest() on instance com.yogesh.nipte.tests.amazon.products.SearchProductTest@5b1669c0]]]>
            </message>
            <full-stacktrace>
              <![CDATA[java.lang.Throwable: Method com.yogesh.nipte.tests.amazon.products.SearchProductTest.SearchProductTest() on instance com.yogesh.nipte.tests.amazon.products.SearchProductTest@5b1669c0 depends on not successfully finished methods 
[com.yogesh.nipte.tests.amazon.products.SearchProductTest.HomePageTest() on instance com.yogesh.nipte.tests.amazon.products.SearchProductTest@5b1669c0]
at org.testng.internal.invokers.TestInvoker.invokeTestMethods(TestInvoker.java:159)
at org.testng.internal.invokers.TestMethodWorker.invokeTestMethods(TestMethodWorker.java:154)
at org.testng.internal.invokers.TestMethodWorker.run(TestMethodWorker.java:134)
at java.base/java.util.ArrayList.forEach(ArrayList.java:1596)
at org.testng.TestRunner.privateRun(TestRunner.java:741)
at org.testng.TestRunner.run(TestRunner.java:616)
at org.testng.SuiteRunner.runTest(SuiteRunner.java:421)
at org.testng.SuiteRunner$SuiteWorker.run(SuiteRunner.java:463)
at org.testng.internal.thread.ThreadUtil.lambda$execute$0(ThreadUtil.java:64)
at java.base/java.util.concurrent.FutureTask.run(FutureTask.java:317)
at java.base/java.util.concurrent.ThreadPoolExecutor.runWorker(ThreadPoolExecutor.java:1144)
at java.base/java.util.concurrent.ThreadPoolExecutor$Worker.run(ThreadPoolExecutor.java:642)
at java.base/java.lang.Thread.run(Thread.java:1583)
]]>
            </full-stacktrace>
          </exception> <!-- java.lang.Throwable -->
          <reporter-output>
          </reporter-output>
        </test-method> <!-- SearchProductTest -->
        <test-method signature="ProductSerachLandingPageTest()[pri:0, instance:com.yogesh.nipte.tests.amazon.products.SearchProductTest@5b1669c0]" started-at="2025-07-10T10:50:46 GMT" name="ProductSerachLandingPageTest" finished-at="2025-07-10T10:50:46 GMT" depends-on-methods="com.yogesh.nipte.tests.amazon.products.SearchProductTest.SearchProductTest" duration-ms="0" status="SKIP">
          <exception class="java.lang.Throwable">
            <message>
              <![CDATA[Method com.yogesh.nipte.tests.amazon.products.SearchProductTest.ProductSerachLandingPageTest() on instance com.yogesh.nipte.tests.amazon.products.SearchProductTest@5b1669c0 depends on not successfully finished methods 
[com.yogesh.nipte.tests.amazon.products.SearchProductTest.SearchProductTest() on instance com.yogesh.nipte.tests.amazon.products.SearchProductTest@5b1669c0]]]>
            </message>
            <full-stacktrace>
              <![CDATA[java.lang.Throwable: Method com.yogesh.nipte.tests.amazon.products.SearchProductTest.ProductSerachLandingPageTest() on instance com.yogesh.nipte.tests.amazon.products.SearchProductTest@5b1669c0 depends on not successfully finished methods 
[com.yogesh.nipte.tests.amazon.products.SearchProductTest.SearchProductTest() on instance com.yogesh.nipte.tests.amazon.products.SearchProductTest@5b1669c0]
at org.testng.internal.invokers.TestInvoker.invokeTestMethods(TestInvoker.java:159)
at org.testng.internal.invokers.TestMethodWorker.invokeTestMethods(TestMethodWorker.java:154)
at org.testng.internal.invokers.TestMethodWorker.run(TestMethodWorker.java:134)
at java.base/java.util.ArrayList.forEach(ArrayList.java:1596)
at org.testng.TestRunner.privateRun(TestRunner.java:741)
at org.testng.TestRunner.run(TestRunner.java:616)
at org.testng.SuiteRunner.runTest(SuiteRunner.java:421)
at org.testng.SuiteRunner$SuiteWorker.run(SuiteRunner.java:463)
at org.testng.internal.thread.ThreadUtil.lambda$execute$0(ThreadUtil.java:64)
at java.base/java.util.concurrent.FutureTask.run(FutureTask.java:317)
at java.base/java.util.concurrent.ThreadPoolExecutor.runWorker(ThreadPoolExecutor.java:1144)
at java.base/java.util.concurrent.ThreadPoolExecutor$Worker.run(ThreadPoolExecutor.java:642)
at java.base/java.lang.Thread.run(Thread.java:1583)
]]>
            </full-stacktrace>
          </exception> <!-- java.lang.Throwable -->
          <reporter-output>
          </reporter-output>
        </test-method> <!-- ProductSerachLandingPageTest -->
        <test-method is-config="true" signature="killDriver()[pri:0, instance:com.yogesh.nipte.tests.amazon.products.SearchProductTest@5b1669c0]" started-at="2025-07-10T10:50:46 GMT" name="killDriver" finished-at="2025-07-10T10:50:46 GMT" duration-ms="0" status="SKIP">
          <reporter-output>
          </reporter-output>
        </test-method> <!-- killDriver -->
      </class> <!-- com.yogesh.nipte.tests.amazon.products.SearchProductTest -->
    </test> <!-- Iphone -->
    <test started-at="2025-07-10T10:50:45 GMT" name="Realme" finished-at="2025-07-10T10:50:46 GMT" duration-ms="596">
      <class name="com.yogesh.nipte.tests.amazon.products.SearchProductTest">
        <test-method is-config="true" signature="setupConfig()[pri:0, instance:com.yogesh.nipte.tests.amazon.products.SearchProductTest@6e9175d8]" started-at="2025-07-10T10:50:45 GMT" name="setupConfig" finished-at="2025-07-10T10:50:45 GMT" duration-ms="18" status="PASS">
          <reporter-output>
          </reporter-output>
        </test-method> <!-- setupConfig -->
        <test-method is-config="true" signature="setDriver(org.testng.ITestContext)[pri:0, instance:com.yogesh.nipte.tests.amazon.products.SearchProductTest@6e9175d8]" started-at="2025-07-10T10:50:45 GMT" name="setDriver" finished-at="2025-07-10T10:50:46 GMT" duration-ms="549" status="FAIL">
          <params>
            <param index="0">
              <value>
                <![CDATA[org.testng.TestRunner@56531e36]]>
              </value>
            </param>
          </params>
          <exception class="org.openqa.selenium.SessionNotCreatedException">
            <message>
              <![CDATA[Could not start a new session. Possible causes are invalid address of the remote server or browser start-up failure. 
Host info: host: '4d04eefdce82', ip: '172.17.0.3']]>
            </message>
            <full-stacktrace>
              <![CDATA[org.openqa.selenium.SessionNotCreatedException: Could not start a new session. Possible causes are invalid address of the remote server or browser start-up failure. 
Host info: host: '4d04eefdce82', ip: '172.17.0.3'
at org.openqa.selenium.remote.RemoteWebDriver.execute(RemoteWebDriver.java:562)
at org.openqa.selenium.remote.RemoteWebDriver.startSession(RemoteWebDriver.java:244)
at org.openqa.selenium.remote.RemoteWebDriver.<init>(RemoteWebDriver.java:173)
at org.openqa.selenium.chromium.ChromiumDriver.<init>(ChromiumDriver.java:110)
at org.openqa.selenium.chrome.ChromeDriver.<init>(ChromeDriver.java:88)
at org.openqa.selenium.chrome.ChromeDriver.<init>(ChromeDriver.java:83)
at org.openqa.selenium.chrome.ChromeDriver.<init>(ChromeDriver.java:51)
at com.yogesh.nipte.tests.amazon.BaseTest.getLocalDriver(BaseTest.java:80)
at com.yogesh.nipte.tests.amazon.BaseTest.setDriver(BaseTest.java:50)
at java.base/jdk.internal.reflect.DirectMethodHandleAccessor.invoke(DirectMethodHandleAccessor.java:103)
at java.base/java.lang.reflect.Method.invoke(Method.java:580)
at org.testng.internal.invokers.MethodInvocationHelper.invokeMethod(MethodInvocationHelper.java:141)
at org.testng.internal.invokers.MethodInvocationHelper.invokeMethodConsideringTimeout(MethodInvocationHelper.java:71)
at org.testng.internal.invokers.ConfigInvoker.invokeConfigurationMethod(ConfigInvoker.java:400)
at org.testng.internal.invokers.ConfigInvoker.invokeConfigurations(ConfigInvoker.java:333)
at org.testng.TestRunner.invokeTestConfigurations(TestRunner.java:657)
at org.testng.TestRunner.beforeRun(TestRunner.java:646)
at org.testng.TestRunner.run(TestRunner.java:612)
at org.testng.SuiteRunner.runTest(SuiteRunner.java:421)
at org.testng.SuiteRunner$SuiteWorker.run(SuiteRunner.java:463)
at org.testng.internal.thread.ThreadUtil.lambda$execute$0(ThreadUtil.java:64)
at java.base/java.util.concurrent.FutureTask.run(FutureTask.java:317)
at java.base/java.util.concurrent.ThreadPoolExecutor.runWorker(ThreadPoolExecutor.java:1144)
at java.base/java.util.concurrent.ThreadPoolExecutor$Worker.run(ThreadPoolExecutor.java:642)
at java.base/java.lang.Thread.run(Thread.java:1583)
Caused by: org.openqa.selenium.WebDriverException: Driver server process died prematurely, exit value: 127
Build info: version: '4.33.0', revision: '2c6aaad03a'
System info: os.name: 'Linux', os.arch: 'amd64', os.version: '6.11.0-28-generic', java.version: '21.0.7'
Driver info: driver.version: ChromeDriver
at org.openqa.selenium.remote.service.DriverService.start(DriverService.java:248)
at org.openqa.selenium.remote.service.DriverCommandExecutor.execute(DriverCommandExecutor.java:117)
at org.openqa.selenium.remote.RemoteWebDriver.execute(RemoteWebDriver.java:544)
... 24 more
]]>
            </full-stacktrace>
          </exception> <!-- org.openqa.selenium.SessionNotCreatedException -->
          <reporter-output>
          </reporter-output>
        </test-method> <!-- setDriver -->
        <test-method is-config="true" signature="setPageObjects(java.lang.String,java.lang.String)[pri:0, instance:com.yogesh.nipte.tests.amazon.products.SearchProductTest@6e9175d8]" started-at="2025-07-10T10:50:46 GMT" name="setPageObjects" finished-at="2025-07-10T10:50:46 GMT" depends-on-methods="com.yogesh.nipte.tests.amazon.BaseTest.setDriver" duration-ms="0" status="SKIP">
          <reporter-output>
          </reporter-output>
        </test-method> <!-- setPageObjects -->
        <test-method signature="HomePageTest()[pri:0, instance:com.yogesh.nipte.tests.amazon.products.SearchProductTest@6e9175d8]" started-at="2025-07-10T10:50:46 GMT" name="HomePageTest" finished-at="2025-07-10T10:50:46 GMT" duration-ms="0" status="SKIP">
          <exception class="org.openqa.selenium.SessionNotCreatedException">
            <message>
              <![CDATA[Could not start a new session. Possible causes are invalid address of the remote server or browser start-up failure. 
Host info: host: '4d04eefdce82', ip: '172.17.0.3']]>
            </message>
            <full-stacktrace>
              <![CDATA[org.openqa.selenium.SessionNotCreatedException: Could not start a new session. Possible causes are invalid address of the remote server or browser start-up failure. 
Host info: host: '4d04eefdce82', ip: '172.17.0.3'
at org.openqa.selenium.remote.RemoteWebDriver.execute(RemoteWebDriver.java:562)
at org.openqa.selenium.remote.RemoteWebDriver.startSession(RemoteWebDriver.java:244)
at org.openqa.selenium.remote.RemoteWebDriver.<init>(RemoteWebDriver.java:173)
at org.openqa.selenium.chromium.ChromiumDriver.<init>(ChromiumDriver.java:110)
at org.openqa.selenium.chrome.ChromeDriver.<init>(ChromeDriver.java:88)
at org.openqa.selenium.chrome.ChromeDriver.<init>(ChromeDriver.java:83)
at org.openqa.selenium.chrome.ChromeDriver.<init>(ChromeDriver.java:51)
at com.yogesh.nipte.tests.amazon.BaseTest.getLocalDriver(BaseTest.java:80)
at com.yogesh.nipte.tests.amazon.BaseTest.setDriver(BaseTest.java:50)
at java.base/jdk.internal.reflect.DirectMethodHandleAccessor.invoke(DirectMethodHandleAccessor.java:103)
at java.base/java.lang.reflect.Method.invoke(Method.java:580)
at org.testng.internal.invokers.MethodInvocationHelper.invokeMethod(MethodInvocationHelper.java:141)
at org.testng.internal.invokers.MethodInvocationHelper.invokeMethodConsideringTimeout(MethodInvocationHelper.java:71)
at org.testng.internal.invokers.ConfigInvoker.invokeConfigurationMethod(ConfigInvoker.java:400)
at org.testng.internal.invokers.ConfigInvoker.invokeConfigurations(ConfigInvoker.java:333)
at org.testng.TestRunner.invokeTestConfigurations(TestRunner.java:657)
at org.testng.TestRunner.beforeRun(TestRunner.java:646)
at org.testng.TestRunner.run(TestRunner.java:612)
at org.testng.SuiteRunner.runTest(SuiteRunner.java:421)
at org.testng.SuiteRunner$SuiteWorker.run(SuiteRunner.java:463)
at org.testng.internal.thread.ThreadUtil.lambda$execute$0(ThreadUtil.java:64)
at java.base/java.util.concurrent.FutureTask.run(FutureTask.java:317)
at java.base/java.util.concurrent.ThreadPoolExecutor.runWorker(ThreadPoolExecutor.java:1144)
at java.base/java.util.concurrent.ThreadPoolExecutor$Worker.run(ThreadPoolExecutor.java:642)
at java.base/java.lang.Thread.run(Thread.java:1583)
Caused by: org.openqa.selenium.WebDriverException: Driver server process died prematurely, exit value: 127
Build info: version: '4.33.0', revision: '2c6aaad03a'
System info: os.name: 'Linux', os.arch: 'amd64', os.version: '6.11.0-28-generic', java.version: '21.0.7'
Driver info: driver.version: ChromeDriver
at org.openqa.selenium.remote.service.DriverService.start(DriverService.java:248)
at org.openqa.selenium.remote.service.DriverCommandExecutor.execute(DriverCommandExecutor.java:117)
at org.openqa.selenium.remote.RemoteWebDriver.execute(RemoteWebDriver.java:544)
... 24 more
]]>
            </full-stacktrace>
          </exception> <!-- org.openqa.selenium.SessionNotCreatedException -->
          <reporter-output>
          </reporter-output>
        </test-method> <!-- HomePageTest -->
        <test-method is-config="true" signature="sleep()[pri:0, instance:com.yogesh.nipte.tests.amazon.products.SearchProductTest@6e9175d8]" started-at="2025-07-10T10:50:46 GMT" name="sleep" finished-at="2025-07-10T10:50:46 GMT" duration-ms="0" status="SKIP">
          <reporter-output>
          </reporter-output>
        </test-method> <!-- sleep -->
        <test-method signature="SearchProductTest()[pri:0, instance:com.yogesh.nipte.tests.amazon.products.SearchProductTest@6e9175d8]" started-at="2025-07-10T10:50:46 GMT" name="SearchProductTest" finished-at="2025-07-10T10:50:46 GMT" depends-on-methods="com.yogesh.nipte.tests.amazon.products.SearchProductTest.HomePageTest" duration-ms="0" status="SKIP">
          <exception class="java.lang.Throwable">
            <message>
              <![CDATA[Method com.yogesh.nipte.tests.amazon.products.SearchProductTest.SearchProductTest() on instance com.yogesh.nipte.tests.amazon.products.SearchProductTest@6e9175d8 depends on not successfully finished methods 
[com.yogesh.nipte.tests.amazon.products.SearchProductTest.HomePageTest() on instance com.yogesh.nipte.tests.amazon.products.SearchProductTest@6e9175d8]]]>
            </message>
            <full-stacktrace>
              <![CDATA[java.lang.Throwable: Method com.yogesh.nipte.tests.amazon.products.SearchProductTest.SearchProductTest() on instance com.yogesh.nipte.tests.amazon.products.SearchProductTest@6e9175d8 depends on not successfully finished methods 
[com.yogesh.nipte.tests.amazon.products.SearchProductTest.HomePageTest() on instance com.yogesh.nipte.tests.amazon.products.SearchProductTest@6e9175d8]
at org.testng.internal.invokers.TestInvoker.invokeTestMethods(TestInvoker.java:159)
at org.testng.internal.invokers.TestMethodWorker.invokeTestMethods(TestMethodWorker.java:154)
at org.testng.internal.invokers.TestMethodWorker.run(TestMethodWorker.java:134)
at java.base/java.util.ArrayList.forEach(ArrayList.java:1596)
at org.testng.TestRunner.privateRun(TestRunner.java:741)
at org.testng.TestRunner.run(TestRunner.java:616)
at org.testng.SuiteRunner.runTest(SuiteRunner.java:421)
at org.testng.SuiteRunner$SuiteWorker.run(SuiteRunner.java:463)
at org.testng.internal.thread.ThreadUtil.lambda$execute$0(ThreadUtil.java:64)
at java.base/java.util.concurrent.FutureTask.run(FutureTask.java:317)
at java.base/java.util.concurrent.ThreadPoolExecutor.runWorker(ThreadPoolExecutor.java:1144)
at java.base/java.util.concurrent.ThreadPoolExecutor$Worker.run(ThreadPoolExecutor.java:642)
at java.base/java.lang.Thread.run(Thread.java:1583)
]]>
            </full-stacktrace>
          </exception> <!-- java.lang.Throwable -->
          <reporter-output>
          </reporter-output>
        </test-method> <!-- SearchProductTest -->
        <test-method signature="ProductSerachLandingPageTest()[pri:0, instance:com.yogesh.nipte.tests.amazon.products.SearchProductTest@6e9175d8]" started-at="2025-07-10T10:50:46 GMT" name="ProductSerachLandingPageTest" finished-at="2025-07-10T10:50:46 GMT" depends-on-methods="com.yogesh.nipte.tests.amazon.products.SearchProductTest.SearchProductTest" duration-ms="1" status="SKIP">
          <exception class="java.lang.Throwable">
            <message>
              <![CDATA[Method com.yogesh.nipte.tests.amazon.products.SearchProductTest.ProductSerachLandingPageTest() on instance com.yogesh.nipte.tests.amazon.products.SearchProductTest@6e9175d8 depends on not successfully finished methods 
[com.yogesh.nipte.tests.amazon.products.SearchProductTest.SearchProductTest() on instance com.yogesh.nipte.tests.amazon.products.SearchProductTest@6e9175d8]]]>
            </message>
            <full-stacktrace>
              <![CDATA[java.lang.Throwable: Method com.yogesh.nipte.tests.amazon.products.SearchProductTest.ProductSerachLandingPageTest() on instance com.yogesh.nipte.tests.amazon.products.SearchProductTest@6e9175d8 depends on not successfully finished methods 
[com.yogesh.nipte.tests.amazon.products.SearchProductTest.SearchProductTest() on instance com.yogesh.nipte.tests.amazon.products.SearchProductTest@6e9175d8]
at org.testng.internal.invokers.TestInvoker.invokeTestMethods(TestInvoker.java:159)
at org.testng.internal.invokers.TestMethodWorker.invokeTestMethods(TestMethodWorker.java:154)
at org.testng.internal.invokers.TestMethodWorker.run(TestMethodWorker.java:134)
at java.base/java.util.ArrayList.forEach(ArrayList.java:1596)
at org.testng.TestRunner.privateRun(TestRunner.java:741)
at org.testng.TestRunner.run(TestRunner.java:616)
at org.testng.SuiteRunner.runTest(SuiteRunner.java:421)
at org.testng.SuiteRunner$SuiteWorker.run(SuiteRunner.java:463)
at org.testng.internal.thread.ThreadUtil.lambda$execute$0(ThreadUtil.java:64)
at java.base/java.util.concurrent.FutureTask.run(FutureTask.java:317)
at java.base/java.util.concurrent.ThreadPoolExecutor.runWorker(ThreadPoolExecutor.java:1144)
at java.base/java.util.concurrent.ThreadPoolExecutor$Worker.run(ThreadPoolExecutor.java:642)
at java.base/java.lang.Thread.run(Thread.java:1583)
]]>
            </full-stacktrace>
          </exception> <!-- java.lang.Throwable -->
          <reporter-output>
          </reporter-output>
        </test-method> <!-- ProductSerachLandingPageTest -->
        <test-method is-config="true" signature="killDriver()[pri:0, instance:com.yogesh.nipte.tests.amazon.products.SearchProductTest@6e9175d8]" started-at="2025-07-10T10:50:46 GMT" name="killDriver" finished-at="2025-07-10T10:50:46 GMT" duration-ms="0" status="SKIP">
          <reporter-output>
          </reporter-output>
        </test-method> <!-- killDriver -->
      </class> <!-- com.yogesh.nipte.tests.amazon.products.SearchProductTest -->
    </test> <!-- Realme -->
    <test started-at="2025-07-10T10:50:45 GMT" name="Samsung" finished-at="2025-07-10T10:50:46 GMT" duration-ms="596">
      <class name="com.yogesh.nipte.tests.amazon.products.SearchProductTest">
        <test-method is-config="true" signature="setDriver(org.testng.ITestContext)[pri:0, instance:com.yogesh.nipte.tests.amazon.products.SearchProductTest@3527942a]" started-at="2025-07-10T10:50:45 GMT" name="setDriver" finished-at="2025-07-10T10:50:46 GMT" duration-ms="549" status="FAIL">
          <params>
            <param index="0">
              <value>
                <![CDATA[org.testng.TestRunner@3bc8f1bf]]>
              </value>
            </param>
          </params>
          <exception class="org.openqa.selenium.SessionNotCreatedException">
            <message>
              <![CDATA[Could not start a new session. Possible causes are invalid address of the remote server or browser start-up failure. 
Host info: host: '4d04eefdce82', ip: '172.17.0.3']]>
            </message>
            <full-stacktrace>
              <![CDATA[org.openqa.selenium.SessionNotCreatedException: Could not start a new session. Possible causes are invalid address of the remote server or browser start-up failure. 
Host info: host: '4d04eefdce82', ip: '172.17.0.3'
at org.openqa.selenium.remote.RemoteWebDriver.execute(RemoteWebDriver.java:562)
at org.openqa.selenium.remote.RemoteWebDriver.startSession(RemoteWebDriver.java:244)
at org.openqa.selenium.remote.RemoteWebDriver.<init>(RemoteWebDriver.java:173)
at org.openqa.selenium.chromium.ChromiumDriver.<init>(ChromiumDriver.java:110)
at org.openqa.selenium.chrome.ChromeDriver.<init>(ChromeDriver.java:88)
at org.openqa.selenium.chrome.ChromeDriver.<init>(ChromeDriver.java:83)
at org.openqa.selenium.chrome.ChromeDriver.<init>(ChromeDriver.java:51)
at com.yogesh.nipte.tests.amazon.BaseTest.getLocalDriver(BaseTest.java:80)
at com.yogesh.nipte.tests.amazon.BaseTest.setDriver(BaseTest.java:50)
at java.base/jdk.internal.reflect.DirectMethodHandleAccessor.invoke(DirectMethodHandleAccessor.java:103)
at java.base/java.lang.reflect.Method.invoke(Method.java:580)
at org.testng.internal.invokers.MethodInvocationHelper.invokeMethod(MethodInvocationHelper.java:141)
at org.testng.internal.invokers.MethodInvocationHelper.invokeMethodConsideringTimeout(MethodInvocationHelper.java:71)
at org.testng.internal.invokers.ConfigInvoker.invokeConfigurationMethod(ConfigInvoker.java:400)
at org.testng.internal.invokers.ConfigInvoker.invokeConfigurations(ConfigInvoker.java:333)
at org.testng.TestRunner.invokeTestConfigurations(TestRunner.java:657)
at org.testng.TestRunner.beforeRun(TestRunner.java:646)
at org.testng.TestRunner.run(TestRunner.java:612)
at org.testng.SuiteRunner.runTest(SuiteRunner.java:421)
at org.testng.SuiteRunner$SuiteWorker.run(SuiteRunner.java:463)
at org.testng.internal.thread.ThreadUtil.lambda$execute$0(ThreadUtil.java:64)
at java.base/java.util.concurrent.FutureTask.run(FutureTask.java:317)
at java.base/java.util.concurrent.ThreadPoolExecutor.runWorker(ThreadPoolExecutor.java:1144)
at java.base/java.util.concurrent.ThreadPoolExecutor$Worker.run(ThreadPoolExecutor.java:642)
at java.base/java.lang.Thread.run(Thread.java:1583)
Caused by: org.openqa.selenium.WebDriverException: Driver server process died prematurely, exit value: 127
Build info: version: '4.33.0', revision: '2c6aaad03a'
System info: os.name: 'Linux', os.arch: 'amd64', os.version: '6.11.0-28-generic', java.version: '21.0.7'
Driver info: driver.version: ChromeDriver
at org.openqa.selenium.remote.service.DriverService.start(DriverService.java:248)
at org.openqa.selenium.remote.service.DriverCommandExecutor.execute(DriverCommandExecutor.java:117)
at org.openqa.selenium.remote.RemoteWebDriver.execute(RemoteWebDriver.java:544)
... 24 more
]]>
            </full-stacktrace>
          </exception> <!-- org.openqa.selenium.SessionNotCreatedException -->
          <reporter-output>
          </reporter-output>
        </test-method> <!-- setDriver -->
        <test-method is-config="true" signature="setPageObjects(java.lang.String,java.lang.String)[pri:0, instance:com.yogesh.nipte.tests.amazon.products.SearchProductTest@3527942a]" started-at="2025-07-10T10:50:46 GMT" name="setPageObjects" finished-at="2025-07-10T10:50:46 GMT" depends-on-methods="com.yogesh.nipte.tests.amazon.BaseTest.setDriver" duration-ms="0" status="SKIP">
          <reporter-output>
          </reporter-output>
        </test-method> <!-- setPageObjects -->
        <test-method signature="HomePageTest()[pri:0, instance:com.yogesh.nipte.tests.amazon.products.SearchProductTest@3527942a]" started-at="2025-07-10T10:50:46 GMT" name="HomePageTest" finished-at="2025-07-10T10:50:46 GMT" duration-ms="0" status="SKIP">
          <exception class="org.openqa.selenium.SessionNotCreatedException">
            <message>
              <![CDATA[Could not start a new session. Possible causes are invalid address of the remote server or browser start-up failure. 
Host info: host: '4d04eefdce82', ip: '172.17.0.3']]>
            </message>
            <full-stacktrace>
              <![CDATA[org.openqa.selenium.SessionNotCreatedException: Could not start a new session. Possible causes are invalid address of the remote server or browser start-up failure. 
Host info: host: '4d04eefdce82', ip: '172.17.0.3'
at org.openqa.selenium.remote.RemoteWebDriver.execute(RemoteWebDriver.java:562)
at org.openqa.selenium.remote.RemoteWebDriver.startSession(RemoteWebDriver.java:244)
at org.openqa.selenium.remote.RemoteWebDriver.<init>(RemoteWebDriver.java:173)
at org.openqa.selenium.chromium.ChromiumDriver.<init>(ChromiumDriver.java:110)
at org.openqa.selenium.chrome.ChromeDriver.<init>(ChromeDriver.java:88)
at org.openqa.selenium.chrome.ChromeDriver.<init>(ChromeDriver.java:83)
at org.openqa.selenium.chrome.ChromeDriver.<init>(ChromeDriver.java:51)
at com.yogesh.nipte.tests.amazon.BaseTest.getLocalDriver(BaseTest.java:80)
at com.yogesh.nipte.tests.amazon.BaseTest.setDriver(BaseTest.java:50)
at java.base/jdk.internal.reflect.DirectMethodHandleAccessor.invoke(DirectMethodHandleAccessor.java:103)
at java.base/java.lang.reflect.Method.invoke(Method.java:580)
at org.testng.internal.invokers.MethodInvocationHelper.invokeMethod(MethodInvocationHelper.java:141)
at org.testng.internal.invokers.MethodInvocationHelper.invokeMethodConsideringTimeout(MethodInvocationHelper.java:71)
at org.testng.internal.invokers.ConfigInvoker.invokeConfigurationMethod(ConfigInvoker.java:400)
at org.testng.internal.invokers.ConfigInvoker.invokeConfigurations(ConfigInvoker.java:333)
at org.testng.TestRunner.invokeTestConfigurations(TestRunner.java:657)
at org.testng.TestRunner.beforeRun(TestRunner.java:646)
at org.testng.TestRunner.run(TestRunner.java:612)
at org.testng.SuiteRunner.runTest(SuiteRunner.java:421)
at org.testng.SuiteRunner$SuiteWorker.run(SuiteRunner.java:463)
at org.testng.internal.thread.ThreadUtil.lambda$execute$0(ThreadUtil.java:64)
at java.base/java.util.concurrent.FutureTask.run(FutureTask.java:317)
at java.base/java.util.concurrent.ThreadPoolExecutor.runWorker(ThreadPoolExecutor.java:1144)
at java.base/java.util.concurrent.ThreadPoolExecutor$Worker.run(ThreadPoolExecutor.java:642)
at java.base/java.lang.Thread.run(Thread.java:1583)
Caused by: org.openqa.selenium.WebDriverException: Driver server process died prematurely, exit value: 127
Build info: version: '4.33.0', revision: '2c6aaad03a'
System info: os.name: 'Linux', os.arch: 'amd64', os.version: '6.11.0-28-generic', java.version: '21.0.7'
Driver info: driver.version: ChromeDriver
at org.openqa.selenium.remote.service.DriverService.start(DriverService.java:248)
at org.openqa.selenium.remote.service.DriverCommandExecutor.execute(DriverCommandExecutor.java:117)
at org.openqa.selenium.remote.RemoteWebDriver.execute(RemoteWebDriver.java:544)
... 24 more
]]>
            </full-stacktrace>
          </exception> <!-- org.openqa.selenium.SessionNotCreatedException -->
          <reporter-output>
          </reporter-output>
        </test-method> <!-- HomePageTest -->
        <test-method is-config="true" signature="sleep()[pri:0, instance:com.yogesh.nipte.tests.amazon.products.SearchProductTest@3527942a]" started-at="2025-07-10T10:50:46 GMT" name="sleep" finished-at="2025-07-10T10:50:46 GMT" duration-ms="0" status="SKIP">
          <reporter-output>
          </reporter-output>
        </test-method> <!-- sleep -->
        <test-method signature="SearchProductTest()[pri:0, instance:com.yogesh.nipte.tests.amazon.products.SearchProductTest@3527942a]" started-at="2025-07-10T10:50:46 GMT" name="SearchProductTest" finished-at="2025-07-10T10:50:46 GMT" depends-on-methods="com.yogesh.nipte.tests.amazon.products.SearchProductTest.HomePageTest" duration-ms="0" status="SKIP">
          <exception class="java.lang.Throwable">
            <message>
              <![CDATA[Method com.yogesh.nipte.tests.amazon.products.SearchProductTest.SearchProductTest() on instance com.yogesh.nipte.tests.amazon.products.SearchProductTest@3527942a depends on not successfully finished methods 
[com.yogesh.nipte.tests.amazon.products.SearchProductTest.HomePageTest() on instance com.yogesh.nipte.tests.amazon.products.SearchProductTest@3527942a]]]>
            </message>
            <full-stacktrace>
              <![CDATA[java.lang.Throwable: Method com.yogesh.nipte.tests.amazon.products.SearchProductTest.SearchProductTest() on instance com.yogesh.nipte.tests.amazon.products.SearchProductTest@3527942a depends on not successfully finished methods 
[com.yogesh.nipte.tests.amazon.products.SearchProductTest.HomePageTest() on instance com.yogesh.nipte.tests.amazon.products.SearchProductTest@3527942a]
at org.testng.internal.invokers.TestInvoker.invokeTestMethods(TestInvoker.java:159)
at org.testng.internal.invokers.TestMethodWorker.invokeTestMethods(TestMethodWorker.java:154)
at org.testng.internal.invokers.TestMethodWorker.run(TestMethodWorker.java:134)
at java.base/java.util.ArrayList.forEach(ArrayList.java:1596)
at org.testng.TestRunner.privateRun(TestRunner.java:741)
at org.testng.TestRunner.run(TestRunner.java:616)
at org.testng.SuiteRunner.runTest(SuiteRunner.java:421)
at org.testng.SuiteRunner$SuiteWorker.run(SuiteRunner.java:463)
at org.testng.internal.thread.ThreadUtil.lambda$execute$0(ThreadUtil.java:64)
at java.base/java.util.concurrent.FutureTask.run(FutureTask.java:317)
at java.base/java.util.concurrent.ThreadPoolExecutor.runWorker(ThreadPoolExecutor.java:1144)
at java.base/java.util.concurrent.ThreadPoolExecutor$Worker.run(ThreadPoolExecutor.java:642)
at java.base/java.lang.Thread.run(Thread.java:1583)
]]>
            </full-stacktrace>
          </exception> <!-- java.lang.Throwable -->
          <reporter-output>
          </reporter-output>
        </test-method> <!-- SearchProductTest -->
        <test-method signature="ProductSerachLandingPageTest()[pri:0, instance:com.yogesh.nipte.tests.amazon.products.SearchProductTest@3527942a]" started-at="2025-07-10T10:50:46 GMT" name="ProductSerachLandingPageTest" finished-at="2025-07-10T10:50:46 GMT" depends-on-methods="com.yogesh.nipte.tests.amazon.products.SearchProductTest.SearchProductTest" duration-ms="0" status="SKIP">
          <exception class="java.lang.Throwable">
            <message>
              <![CDATA[Method com.yogesh.nipte.tests.amazon.products.SearchProductTest.ProductSerachLandingPageTest() on instance com.yogesh.nipte.tests.amazon.products.SearchProductTest@3527942a depends on not successfully finished methods 
[com.yogesh.nipte.tests.amazon.products.SearchProductTest.SearchProductTest() on instance com.yogesh.nipte.tests.amazon.products.SearchProductTest@3527942a]]]>
            </message>
            <full-stacktrace>
              <![CDATA[java.lang.Throwable: Method com.yogesh.nipte.tests.amazon.products.SearchProductTest.ProductSerachLandingPageTest() on instance com.yogesh.nipte.tests.amazon.products.SearchProductTest@3527942a depends on not successfully finished methods 
[com.yogesh.nipte.tests.amazon.products.SearchProductTest.SearchProductTest() on instance com.yogesh.nipte.tests.amazon.products.SearchProductTest@3527942a]
at org.testng.internal.invokers.TestInvoker.invokeTestMethods(TestInvoker.java:159)
at org.testng.internal.invokers.TestMethodWorker.invokeTestMethods(TestMethodWorker.java:154)
at org.testng.internal.invokers.TestMethodWorker.run(TestMethodWorker.java:134)
at java.base/java.util.ArrayList.forEach(ArrayList.java:1596)
at org.testng.TestRunner.privateRun(TestRunner.java:741)
at org.testng.TestRunner.run(TestRunner.java:616)
at org.testng.SuiteRunner.runTest(SuiteRunner.java:421)
at org.testng.SuiteRunner$SuiteWorker.run(SuiteRunner.java:463)
at org.testng.internal.thread.ThreadUtil.lambda$execute$0(ThreadUtil.java:64)
at java.base/java.util.concurrent.FutureTask.run(FutureTask.java:317)
at java.base/java.util.concurrent.ThreadPoolExecutor.runWorker(ThreadPoolExecutor.java:1144)
at java.base/java.util.concurrent.ThreadPoolExecutor$Worker.run(ThreadPoolExecutor.java:642)
at java.base/java.lang.Thread.run(Thread.java:1583)
]]>
            </full-stacktrace>
          </exception> <!-- java.lang.Throwable -->
          <reporter-output>
          </reporter-output>
        </test-method> <!-- ProductSerachLandingPageTest -->
        <test-method is-config="true" signature="killDriver()[pri:0, instance:com.yogesh.nipte.tests.amazon.products.SearchProductTest@3527942a]" started-at="2025-07-10T10:50:46 GMT" name="killDriver" finished-at="2025-07-10T10:50:46 GMT" duration-ms="0" status="SKIP">
          <reporter-output>
          </reporter-output>
        </test-method> <!-- killDriver -->
      </class> <!-- com.yogesh.nipte.tests.amazon.products.SearchProductTest -->
    </test> <!-- Samsung -->
  </suite> <!-- Amazon -->
</testng-results>
